<?xml version="1.0" encoding="UTF-8"?>
<!-- Generated by org.testng.reporters.JUnitReportReporter -->
<testsuite hostname="DESKTOP-A6KDPUT" failures="0" tests="2" name="testng1.test1" time="0.009" errors="0" timestamp="2023-08-20T20:29:26 IST" skipped="0">
  <testcase classname="testng1.test1" name="data11" time="0.002"/>
  <testcase classname="testng1.test1" name="data1" time="0.007">
    <system-out>
      <![CDATA['hi]]>
    </system-out>
  </testcase> <!-- data1 -->
  <system-out>
    <![CDATA[hi
hello
HI
download
'hi
hi
hello]]>
  </system-out>
</testsuite> <!-- testng1.test1 -->
