<?xml version="1.0" encoding="UTF-8"?>
<!-- Generated by org.testng.reporters.JUnitReportReporter -->
<testsuite hostname="DESKTOP-A6KDPUT" failures="0" tests="3" name="groups.group_script" time="0.023" errors="0" timestamp="2023-08-28T22:29:53 IST" skipped="0">
  <testcase classname="groups.group_script" name="test1" time="0.019"/>
  <testcase classname="groups.group_script" name="test2" time="0.002"/>
  <testcase classname="groups.group_script" name="test3" time="0.002"/>
</testsuite> <!-- groups.group_script -->
