<?xml version="1.0" encoding="UTF-8"?>
<!-- Generated by org.testng.reporters.JUnitReportReporter -->
<testsuite hostname="DESKTOP-A6KDPUT" failures="0" tests="1" name="testng1.refresh" time="27.550" errors="0" timestamp="2023-08-24T09:22:48 IST" skipped="0">
  <testcase classname="testng1.refresh" name="click" time="27.550"/>
</testsuite> <!-- testng1.refresh -->
