<?xml version="1.0" encoding="UTF-8"?>
<!-- Generated by org.testng.reporters.JUnitReportReporter -->
<testsuite hostname="DESKTOP-A6KDPUT" failures="0" tests="1" name="testng1.runnerclass2" time="30.875" errors="0" timestamp="2023-08-28T19:55:57 IST" skipped="0">
  <testcase classname="testng1.runnerclass2" name="test1" time="30.875"/>
</testsuite> <!-- testng1.runnerclass2 -->
