<?xml version="1.0" encoding="UTF-8"?>
<!-- Generated by org.testng.reporters.JUnitReportReporter -->
<testsuite hostname="DESKTOP-A6KDPUT" failures="0" tests="1" name="testng1.runnerclass" time="20.884" errors="0" timestamp="2023-08-23T11:58:37 IST" skipped="0">
  <testcase classname="testng1.runnerclass" name="test1" time="20.884"/>
</testsuite> <!-- testng1.runnerclass -->
