<?xml version="1.0" encoding="UTF-8"?>
<!-- Generated by org.testng.reporters.JUnitReportReporter -->
<testsuite hostname="DESKTOP-A6KDPUT" failures="0" tests="1" name="testng1.runnerscript" time="47.890" errors="0" timestamp="2023-08-23T22:18:56 IST" skipped="0">
  <testcase classname="testng1.runnerscript" name="click" time="47.890"/>
</testsuite> <!-- testng1.runnerscript -->
