<?xml version="1.0" encoding="UTF-8"?>
<!-- Generated by org.testng.reporters.JUnitReportReporter -->
<testsuite hostname="DESKTOP-A6KDPUT" failures="0" tests="2" name="testng1.demo" time="38.866" errors="0" timestamp="2023-08-20T20:29:26 IST" skipped="0">
  <testcase classname="testng1.demo" name="data1" time="24.474">
    <system-out>
      <![CDATA[HI]]>
    </system-out>
  </testcase> <!-- data1 -->
  <testcase classname="testng1.demo" name="data2" time="14.392">
    <system-out>
      <![CDATA[download]]>
    </system-out>
  </testcase> <!-- data2 -->
  <system-out>
    <![CDATA[hi
hello
HI
download
'hi
hi
hello]]>
  </system-out>
</testsuite> <!-- testng1.demo -->
