<?xml version="1.0" encoding="UTF-8"?>
<!-- Generated by org.testng.reporters.JUnitReportReporter -->
<testsuite hostname="DESKTOP-A6KDPUT" failures="0" tests="2" name="testng2.groups" time="0.017" errors="0" timestamp="2023-08-28T22:30:14 IST" skipped="0">
  <testcase classname="testng2.groups" name="test1" time="0.014"/>
  <testcase classname="testng2.groups" name="test3" time="0.003"/>
</testsuite> <!-- testng2.groups -->
